<?xml version="1.0" encoding="UTF-8"?>
<testsuite xmlns:xsi="http://www.w3.org/2001/XMLSchema-instance" xsi:noNamespaceSchemaLocation="https://maven.apache.org/surefire/maven-surefire-plugin/xsd/surefire-test-report-3.0.xsd" version="3.0" name="com.clinic.management.ClinicManagementApplicationTests" time="4.804" tests="1" errors="0" skipped="0" failures="0">
  <properties>
[...]
</properties>
  <testcase name="contextLoads" classname="com.clinic.management.ClinicManagementApplicationTests" time="1.167">
    <system-out><![CDATA[11:24:28.489 [main] INFO org.springframework.test.context.support.AnnotationConfigContextLoaderUtils -- Could not detect default configuration classes for test class [com.clinic.management.ClinicManagementApplicationTests]: ClinicManagementApplicationTests does not declare any static, non-private, non-final, nested classes annotated with @Configuration.
11:24:28.631 [main] INFO org.springframework.boot.test.context.SpringBootTestContextBootstrapper -- Found @SpringBootConfiguration com.clinic.management.ClinicManagementApplication for test class com.clinic.management.ClinicManagementApplicationTests
11:24:28.812 [main] INFO org.springframework.boot.devtools.restart.RestartApplicationListener -- Restart disabled due to context in which it is running

  .   ____          _            __ _ _
 /\\ / ___'_ __ _ _(_)_ __  __ _ \ \ \ \
( ( )\___ | '_ | '_| | '_ \/ _` | \ \ \ \
 \\/  ___)| |_)| | | | | || (_| |  ) ) ) )
  '  |____| .__|_| |_|_| |_\__, | / / / /
 =========|_|==============|___/=/_/_/_/

 :: Spring Boot ::                (v3.3.5)

2026-05-05T11:24:29.169+07:00  INFO 11308 --- [clinic-management] [           main] c.c.m.ClinicManagementApplicationTests   : Starting ClinicManagementApplicationTests using Java 22.0.2 with PID 11308 (started by DELL in E:\KTTK PM\Clinic)
2026-05-05T11:24:29.170+07:00 DEBUG 11308 --- [clinic-management] [           main] c.c.m.ClinicManagementApplicationTests   : Running with Spring Boot v3.3.5, Spring v6.1.14
2026-05-05T11:24:29.172+07:00  INFO 11308 --- [clinic-management] [           main] c.c.m.ClinicManagementApplicationTests   : No active profile set, falling back to 1 default profile: "default"
2026-05-05T11:24:31.613+07:00  INFO 11308 --- [clinic-management] [           main] c.c.m.ClinicManagementApplicationTests   : Started ClinicManagementApplicationTests in 2.816 seconds (process running for 3.851)
2026-05-05T11:24:31.629+07:00  INFO 11308 --- [clinic-management] [           main] com.zaxxer.hikari.HikariDataSource       : HikariPool-1 - Starting...
2026-05-05T11:24:31.919+07:00  INFO 11308 --- [clinic-management] [           main] com.zaxxer.hikari.pool.HikariPool        : HikariPool-1 - Added connection org.postgresql.jdbc.PgConnection@6f91fbda
2026-05-05T11:24:31.921+07:00  INFO 11308 --- [clinic-management] [           main] com.zaxxer.hikari.HikariDataSource       : HikariPool-1 - Start completed.
]]></system-out>
    <system-err><![CDATA[WARNING: A Java agent has been loaded dynamically (C:\Users\DELL\.m2\repository\net\bytebuddy\byte-buddy-agent\1.14.19\byte-buddy-agent-1.14.19.jar)
WARNING: If a serviceability tool is in use, please run with -XX:+EnableDynamicAgentLoading to hide this warning
WARNING: If a serviceability tool is not in use, please run with -Djdk.instrument.traceUsage for more information
WARNING: Dynamic loading of agents will be disallowed by default in a future release
]]></system-err>
  </testcase>
</testsuite>